<?xml version="1.0" encoding="UTF-8"?>
<testsuites>
  <testsuite name="fastlane.lanes">
    
    
    
      
      <testcase classname="fastlane.lanes" name="0: default_platform" time="0.0053551">
        
      </testcase>
    
      
      <testcase classname="fastlane.lanes" name="1: test" time="24.6813545">
        
          <failure message="F:/Ruby33-x64/lib/ruby/gems/3.3.0/gems/fastlane-2.226.0/fastlane/lib/fastlane/actions/actions_helper.rb:67:in `execute_action&apos;&#10;F:/Ruby33-x64/lib/ruby/gems/3.3.0/gems/fastlane-2.226.0/fastlane/lib/fastlane/runner.rb:255:in `block in execute_action&apos;&#10;F:/Ruby33-x64/lib/ruby/gems/3.3.0/gems/fastlane-2.226.0/fastlane/lib/fastlane/runner.rb:229:in `chdir&apos;&#10;F:/Ruby33-x64/lib/ruby/gems/3.3.0/gems/fastlane-2.226.0/fastlane/lib/fastlane/runner.rb:229:in `execute_action&apos;&#10;F:/Ruby33-x64/lib/ruby/gems/3.3.0/gems/fastlane-2.226.0/fastlane/lib/fastlane/runner.rb:157:in `trigger_action_by_name&apos;&#10;F:/Ruby33-x64/lib/ruby/gems/3.3.0/gems/fastlane-2.226.0/fastlane/lib/fastlane/fast_file.rb:159:in `method_missing&apos;&#10;Fastfile:21:in `block (2 levels) in parsing_binding&apos;&#10;F:/Ruby33-x64/lib/ruby/gems/3.3.0/gems/fastlane-2.226.0/fastlane/lib/fastlane/lane.rb:41:in `call&apos;&#10;F:/Ruby33-x64/lib/ruby/gems/3.3.0/gems/fastlane-2.226.0/fastlane/lib/fastlane/runner.rb:49:in `block in execute&apos;&#10;F:/Ruby33-x64/lib/ruby/gems/3.3.0/gems/fastlane-2.226.0/fastlane/lib/fastlane/runner.rb:45:in `chdir&apos;&#10;F:/Ruby33-x64/lib/ruby/gems/3.3.0/gems/fastlane-2.226.0/fastlane/lib/fastlane/runner.rb:45:in `execute&apos;&#10;F:/Ruby33-x64/lib/ruby/gems/3.3.0/gems/fastlane-2.226.0/fastlane/lib/fastlane/lane_manager.rb:46:in `cruise_lane&apos;&#10;F:/Ruby33-x64/lib/ruby/gems/3.3.0/gems/fastlane-2.226.0/fastlane/lib/fastlane/command_line_handler.rb:34:in `handle&apos;&#10;F:/Ruby33-x64/lib/ruby/gems/3.3.0/gems/fastlane-2.226.0/fastlane/lib/fastlane/commands_generator.rb:110:in `block (2 levels) in run&apos;&#10;F:/Ruby33-x64/lib/ruby/gems/3.3.0/gems/commander-4.6.0/lib/commander/command.rb:187:in `call&apos;&#10;F:/Ruby33-x64/lib/ruby/gems/3.3.0/gems/commander-4.6.0/lib/commander/command.rb:157:in `run&apos;&#10;F:/Ruby33-x64/lib/ruby/gems/3.3.0/gems/commander-4.6.0/lib/commander/runner.rb:444:in `run_active_command&apos;&#10;F:/Ruby33-x64/lib/ruby/gems/3.3.0/gems/fastlane-2.226.0/fastlane_core/lib/fastlane_core/ui/fastlane_runner.rb:124:in `run!&apos;&#10;F:/Ruby33-x64/lib/ruby/gems/3.3.0/gems/commander-4.6.0/lib/commander/delegates.rb:18:in `run!&apos;&#10;F:/Ruby33-x64/lib/ruby/gems/3.3.0/gems/fastlane-2.226.0/fastlane/lib/fastlane/commands_generator.rb:363:in `run&apos;&#10;F:/Ruby33-x64/lib/ruby/gems/3.3.0/gems/fastlane-2.226.0/fastlane/lib/fastlane/commands_generator.rb:43:in `start&apos;&#10;F:/Ruby33-x64/lib/ruby/gems/3.3.0/gems/fastlane-2.226.0/fastlane/lib/fastlane/cli_tools_distributor.rb:123:in `take_off&apos;&#10;F:/Ruby33-x64/lib/ruby/gems/3.3.0/gems/fastlane-2.226.0/bin/fastlane:23:in `&lt;top (required)&gt;&apos;&#10;F:/Ruby33-x64/bin/fastlane:36:in `load&apos;&#10;F:/Ruby33-x64/bin/fastlane:36:in `&lt;main&gt;&apos;&#10;&#10;Exit status of command &apos;&quot;C:/Users/NoteBook/AndroidStudioProjects/je taime/android/gradlew&quot; test -p .&apos; was 1 instead of 0.&#10;&#10;Welcome to Gradle 8.4!&#10;&#10;Here are the highlights of this release:&#10; - Compiling and testing with Java 21&#10; - Faster Java compilation on Windows&#10; - Role focused dependency configurations creation&#10;&#10;For more details see https://docs.gradle.org/8.4/release-notes.html&#10;&#10;Starting a Gradle Daemon, 1 busy and 1 incompatible Daemons could not be reused, use --status for details&#10;You are applying Flutter&apos;s app_plugin_loader Gradle plugin imperatively using the apply script method, which is deprecated and will be removed in a future release. Migrate to applying Gradle plugins with the declarative plugins block: https://flutter.dev/go/flutter-gradle-plugin-apply&#10;&#10;&#10;FAILURE: Build failed with an exception.&#10;&#10;* What went wrong:&#10;A problem occurred configuring root project &apos;android&apos;.&#10;&gt; Could not resolve all files for configuration &apos;:classpath&apos;.&#10;   &gt; Could not resolve com.android.tools.build:gradle:8.3.2.&#10;     Required by:&#10;         project :&#10;      &gt; No matching variant of com.android.tools.build:gradle:8.3.2 was found. The consumer was configured to find a library for use during runtime, compatible with Java 8, packaged as a jar, and its dependencies declared externally, as well as attribute &apos;org.gradle.plugin.api-version&apos; with value &apos;8.4&apos; but:&#10;          - Variant &apos;apiElements&apos; capability com.android.tools.build:gradle:8.3.2 declares a library, packaged as a jar, and its dependencies declared externally:&#10;              - Incompatible because this component declares a component for use during compile-time, compatible with Java 11 and the consumer needed a component for use during runtime, compatible with Java 8&#10;              - Other compatible attribute:&#10;                  - Doesn&apos;t say anything about org.gradle.plugin.api-version (required &apos;8.4&apos;)&#10;          - Variant &apos;javadocElements&apos; capability com.android.tools.build:gradle:8.3.2 declares a component for use during runtime, and its dependencies declared externally:&#10;              - Incompatible because this component declares documentation and the consumer needed a library&#10;              - Other compatible attributes:&#10;                  - Doesn&apos;t say anything about its target Java version (required compatibility with Java 8)&#10;                  - Doesn&apos;t say anything about its elements (required them packaged as a jar)&#10;                  - Doesn&apos;t say anything about org.gradle.plugin.api-version (required &apos;8.4&apos;)&#10;          - Variant &apos;runtimeElements&apos; capability com.android.tools.build:gradle:8.3.2 declares a library for use during runtime, packaged as a jar, and its dependencies declared externally:&#10;              - Incompatible because this component declares a component, compatible with Java 11 and the consumer needed a component, compatible with Java 8&#10;              - Other compatible attribute:&#10;                  - Doesn&apos;t say anything about org.gradle.plugin.api-version (required &apos;8.4&apos;)&#10;          - Variant &apos;sourcesElements&apos; capability com.android.tools.build:gradle:8.3.2 declares a component for use during runtime, and its dependencies declared externally:&#10;              - Incompatible because this component declares documentation and the consumer needed a library&#10;              - Other compatible attributes:&#10;                  - Doesn&apos;t say anything about its target Java version (required compatibility with Java 8)&#10;                  - Doesn&apos;t say anything about its elements (required them packaged as a jar)&#10;                  - Doesn&apos;t say anything about org.gradle.plugin.api-version (required &apos;8.4&apos;)&#10;&#10;* Try:&#10;&gt; Run with --stacktrace option to get the stack trace.&#10;&gt; Run with --info or --debug option to get more log output.&#10;&gt; Run with --scan to get full insights.&#10;&gt; Get more help at https://help.gradle.org.&#10;&#10;BUILD FAILED in 23s&#10;" />
        
      </testcase>
    
  </testsuite>
</testsuites>
